<?xml version="1.0" encoding="UTF-8"?>
<testng-results ignored="0" total="1" passed="1" failed="0" skipped="0">
  <reporter-output>
  </reporter-output>
  <suite started-at="2025-04-26T20:11:37 IST" name="Suite" finished-at="2025-04-26T20:12:52 IST" duration-ms="75276">
    <groups>
    </groups>
    <test started-at="2025-04-26T20:11:37 IST" name="Test" finished-at="2025-04-26T20:12:52 IST" duration-ms="75276">
      <class name="org.pom_TestCases.LoginPageTestCases">
        <test-method is-config="true" signature="initBrowser()[pri:0, instance:org.pom_TestCases.LoginPageTestCases@298a5e20]" started-at="2025-04-26T20:11:37 IST" name="initBrowser" finished-at="2025-04-26T20:11:46 IST" duration-ms="8902" status="PASS">
          <reporter-output>
          </reporter-output>
        </test-method> <!-- initBrowser -->
        <test-method signature="verifyLoginPage()[pri:0, instance:org.pom_TestCases.LoginPageTestCases@298a5e20]" started-at="2025-04-26T20:11:46 IST" name="verifyLoginPage" finished-at="2025-04-26T20:12:52 IST" duration-ms="65653" status="PASS">
          <reporter-output>
          </reporter-output>
        </test-method> <!-- verifyLoginPage -->
        <test-method is-config="true" signature="closeBrowser()[pri:0, instance:org.pom_TestCases.LoginPageTestCases@298a5e20]" started-at="2025-04-26T20:12:52 IST" name="closeBrowser" finished-at="2025-04-26T20:12:52 IST" duration-ms="1" status="PASS">
          <reporter-output>
          </reporter-output>
        </test-method> <!-- closeBrowser -->
      </class> <!-- org.pom_TestCases.LoginPageTestCases -->
    </test> <!-- Test -->
  </suite> <!-- Suite -->
</testng-results>
